#
# There is insufficient memory for the Java Runtime Environment to continue.
# Native memory allocation (malloc) failed to allocate 1191536 bytes for Chunk::new
# Possible reasons:
#   The system is out of physical RAM or swap space
#   The process is running with CompressedOops enabled, and the Java Heap may be blocking the growth of the native heap
# Possible solutions:
#   Reduce memory load on the system
#   Increase physical memory or swap space
#   Check if swap backing store is full
#   Decrease Java heap size (-Xmx/-Xms)
#   Decrease number of Java threads
#   Decrease Java thread stack sizes (-Xss)
#   Set larger code cache with -XX:ReservedCodeCacheSize=
#   JVM is running with Unscaled Compressed Oops mode in which the Java heap is
#     placed in the first 4GB address space. The Java Heap base address is the
#     maximum limit for the native heap growth. Please use -XX:HeapBaseMinAddress
#     to set the Java Heap base and to place the Java Heap above 4GB virtual address.
# This output file may be truncated or incomplete.
#
#  Out of Memory Error (arena.cpp:189), pid=18420, tid=14744
#
# JRE version: OpenJDK Runtime Environment Corretto-17.0.7.7.1 (17.0.7+7) (build 17.0.7+7-LTS)
# Java VM: OpenJDK 64-Bit Server VM Corretto-17.0.7.7.1 (17.0.7+7-LTS, mixed mode, sharing, tiered, compressed oops, compressed class ptrs, g1 gc, windows-amd64)
# No core dump will be written. Minidumps are not enabled by default on client versions of Windows
#

---------------  S U M M A R Y ------------

Command Line: -Dorg.gradle.internal.worker.tmpdir=C:\Users\junhee\Desktop\2023_do_not_erase\KEA\Release\Code\BackEnd\build\tmp\test\work -Dorg.gradle.native=false -Xmx512m -Dfile.encoding=x-windows-949 -Duser.country=KR -Duser.language=ko -Duser.variant -ea worker.org.gradle.process.internal.worker.GradleWorkerMain 'Gradle Test Executor 8'

Host: 11th Gen Intel(R) Core(TM) i5-1135G7 @ 2.40GHz, 8 cores, 15G,  Windows 10 , 64 bit Build 19041 (10.0.19041.3155)
Time: Tue Jul 25 13:38:14 2023  Windows 10 , 64 bit Build 19041 (10.0.19041.3155) elapsed time: 1.278103 seconds (0d 0h 0m 1s)

---------------  T H R E A D  ---------------

Current thread (0x000001ba7a2448b0):  JavaThread "C2 CompilerThread0" daemon [_thread_in_native, id=14744, stack(0x0000009f0bf00000,0x0000009f0c000000)]


Current CompileTask:
C2:   1278 2003       4       java.lang.invoke.MethodType::makeImpl (109 bytes)

Stack: [0x0000009f0bf00000,0x0000009f0c000000]
Native frames: (J=compiled Java code, j=interpreted, Vv=VM code, C=native code)
V  [jvm.dll+0x64b53a]
V  [jvm.dll+0x7fef54]
V  [jvm.dll+0x80070e]
V  [jvm.dll+0x800d63]
V  [jvm.dll+0x236a2b]
V  [jvm.dll+0xbd47c]
V  [jvm.dll+0xbda5c]
V  [jvm.dll+0x350c37]
V  [jvm.dll+0x1b1780]
V  [jvm.dll+0x20addf]
V  [jvm.dll+0x20a287]
V  [jvm.dll+0x19a2ed]
V  [jvm.dll+0x21967d]
V  [jvm.dll+0x2178c4]
V  [jvm.dll+0x7b7dcb]
V  [jvm.dll+0x7b237a]
V  [jvm.dll+0x64a3a5]
C  [ucrtbase.dll+0x21bb2]
C  [KERNEL32.DLL+0x17614]
C  [ntdll.dll+0x526b1]


---------------  P R O C E S S  ---------------

Threads class SMR info:
_java_thread_list=0x000001ba7f15da60, length=17, elements={
0x000001ba5f6aa440, 0x000001ba7a2233c0, 0x000001ba7a223f70, 0x000001ba7a23b750,
0x000001ba7a23d310, 0x000001ba7a242e10, 0x000001ba7a2437c0, 0x000001ba7a2448b0,
0x000001ba7a2472b0, 0x000001ba7a24fcb0, 0x000001ba7a53a030, 0x000001ba7a53e6a0,
0x000001ba7ab0bea0, 0x000001ba7f31e020, 0x000001ba7f163040, 0x000001ba7f08d0e0,
0x000001ba7f144150
}

Java Threads: ( => current thread )
  0x000001ba5f6aa440 JavaThread "Test worker" [_thread_in_Java, id=15788, stack(0x0000009f0b200000,0x0000009f0b300000)]
  0x000001ba7a2233c0 JavaThread "Reference Handler" daemon [_thread_blocked, id=15156, stack(0x0000009f0b900000,0x0000009f0ba00000)]
  0x000001ba7a223f70 JavaThread "Finalizer" daemon [_thread_blocked, id=12436, stack(0x0000009f0ba00000,0x0000009f0bb00000)]
  0x000001ba7a23b750 JavaThread "Signal Dispatcher" daemon [_thread_blocked, id=3576, stack(0x0000009f0bb00000,0x0000009f0bc00000)]
  0x000001ba7a23d310 JavaThread "Attach Listener" daemon [_thread_blocked, id=4888, stack(0x0000009f0bc00000,0x0000009f0bd00000)]
  0x000001ba7a242e10 JavaThread "Service Thread" daemon [_thread_blocked, id=11404, stack(0x0000009f0bd00000,0x0000009f0be00000)]
  0x000001ba7a2437c0 JavaThread "Monitor Deflation Thread" daemon [_thread_blocked, id=12192, stack(0x0000009f0be00000,0x0000009f0bf00000)]
=>0x000001ba7a2448b0 JavaThread "C2 CompilerThread0" daemon [_thread_in_native, id=14744, stack(0x0000009f0bf00000,0x0000009f0c000000)]
  0x000001ba7a2472b0 JavaThread "C1 CompilerThread0" daemon [_thread_in_native, id=3764, stack(0x0000009f0c000000,0x0000009f0c100000)]
  0x000001ba7a24fcb0 JavaThread "Sweeper thread" daemon [_thread_blocked, id=14436, stack(0x0000009f0c100000,0x0000009f0c200000)]
  0x000001ba7a53a030 JavaThread "Notification Thread" daemon [_thread_blocked, id=9648, stack(0x0000009f0c200000,0x0000009f0c300000)]
  0x000001ba7a53e6a0 JavaThread "Common-Cleaner" daemon [_thread_blocked, id=1136, stack(0x0000009f0c400000,0x0000009f0c500000)]
  0x000001ba7ab0bea0 JavaThread "C2 CompilerThread1" daemon [_thread_blocked, id=15248, stack(0x0000009f0c500000,0x0000009f0c600000)]
  0x000001ba7f31e020 JavaThread "/127.0.0.1:8513 to /127.0.0.1:8512 workers" [_thread_blocked, id=17180, stack(0x0000009f0c700000,0x0000009f0c800000)]
  0x000001ba7f163040 JavaThread "/127.0.0.1:8513 to /127.0.0.1:8512 workers Thread 2" [_thread_blocked, id=4792, stack(0x0000009f0c800000,0x0000009f0c900000)]
  0x000001ba7f08d0e0 JavaThread "/127.0.0.1:8513 to /127.0.0.1:8512 workers Thread 3" [_thread_in_native, id=10576, stack(0x0000009f0c900000,0x0000009f0ca00000)]
  0x000001ba7f144150 JavaThread "C2 CompilerThread2" daemon [_thread_blocked, id=9256, stack(0x0000009f0d300000,0x0000009f0d400000)]

Other Threads:
  0x000001ba7a220930 VMThread "VM Thread" [stack: 0x0000009f0b800000,0x0000009f0b900000] [id=568]
  0x000001ba5f6e3fd0 WatcherThread [stack: 0x0000009f0c300000,0x0000009f0c400000] [id=19200]
  0x000001ba5f6d7f80 GCTaskThread "GC Thread#0" [stack: 0x0000009f0b300000,0x0000009f0b400000] [id=8184]
  0x000001ba7f08d5b0 GCTaskThread "GC Thread#1" [stack: 0x0000009f0ca00000,0x0000009f0cb00000] [id=10720]
  0x000001ba7f14d7a0 GCTaskThread "GC Thread#2" [stack: 0x0000009f0cb00000,0x0000009f0cc00000] [id=7976]
  0x000001ba7a555020 GCTaskThread "GC Thread#3" [stack: 0x0000009f0cc00000,0x0000009f0cd00000] [id=10380]
  0x000001ba7f14cd40 GCTaskThread "GC Thread#4" [stack: 0x0000009f0cd00000,0x0000009f0ce00000] [id=12472]
  0x000001ba7f14cff0 GCTaskThread "GC Thread#5" [stack: 0x0000009f0ce00000,0x0000009f0cf00000] [id=18716]
  0x000001ba7f1486a0 GCTaskThread "GC Thread#6" [stack: 0x0000009f0cf00000,0x0000009f0d000000] [id=13076]
  0x000001ba7f15b830 GCTaskThread "GC Thread#7" [stack: 0x0000009f0d000000,0x0000009f0d100000] [id=1516]
  0x000001ba5f6dcec0 ConcurrentGCThread "G1 Main Marker" [stack: 0x0000009f0b400000,0x0000009f0b500000] [id=452]
  0x000001ba5f6dd8d0 ConcurrentGCThread "G1 Conc#0" [stack: 0x0000009f0b500000,0x0000009f0b600000] [id=15952]
  0x000001ba5f76d400 ConcurrentGCThread "G1 Refine#0" [stack: 0x0000009f0b600000,0x0000009f0b700000] [id=6312]
  0x000001ba7f3493c0 ConcurrentGCThread "G1 Refine#1" [stack: 0x0000009f0d100000,0x0000009f0d200000] [id=15648]
  0x000001ba7f1368a0 ConcurrentGCThread "G1 Refine#2" [stack: 0x0000009f0d200000,0x0000009f0d300000] [id=10264]
  0x000001ba5f76de20 ConcurrentGCThread "G1 Service" [stack: 0x0000009f0b700000,0x0000009f0b800000] [id=10232]

Threads with active compile tasks:
C2 CompilerThread0     1289 2003       4       java.lang.invoke.MethodType::makeImpl (109 bytes)

VM state: not at safepoint (normal execution)

VM Mutex/Monitor currently owned by a thread: None

Heap address: 0x00000000e0000000, size: 512 MB, Compressed Oops mode: 32-bit

CDS archive(s) mapped at: [0x0000000800000000-0x0000000800bc0000-0x0000000800bc0000), size 12320768, SharedBaseAddress: 0x0000000800000000, ArchiveRelocationMode: 0.
Compressed class space mapped at: 0x0000000801000000-0x0000000841000000, reserved size: 1073741824
Narrow klass base: 0x0000000800000000, Narrow klass shift: 0, Narrow klass range: 0x100000000

GC Precious Log:
 CPUs: 8 total, 8 available
 Memory: 16108M
 Large Page Support: Disabled
 NUMA Support: Disabled
 Compressed Oops: Enabled (32-bit)
 Heap Region Size: 1M
 Heap Min Capacity: 8M
 Heap Initial Capacity: 252M
 Heap Max Capacity: 512M
 Pre-touch: Disabled
 Parallel Workers: 8
 Concurrent Workers: 2
 Concurrent Refinement Workers: 8
 Periodic GC: Disabled

Heap:
 garbage-first heap   total 258048K, used 41625K [0x00000000e0000000, 0x0000000100000000)
  region size 1024K, 31 young (31744K), 2 survivors (2048K)
 Metaspace       used 15321K, committed 15616K, reserved 1114112K
  class space    used 2097K, committed 2240K, reserved 1048576K

Heap Regions: E=young(eden), S=young(survivor), O=old, HS=humongous(starts), HC=humongous(continues), CS=collection set, F=free, OA=open archive, CA=closed archive, TAMS=top-at-mark-start (previous, next)
|   0|0x00000000e0000000, 0x00000000e0100000, 0x00000000e0100000|100%|HS|  |TAMS 0x00000000e0000000, 0x00000000e0000000| Complete 
|   1|0x00000000e0100000, 0x00000000e0200000, 0x00000000e0200000|100%| O|  |TAMS 0x00000000e0100000, 0x00000000e0100000| Untracked 
|   2|0x00000000e0200000, 0x00000000e0300000, 0x00000000e0300000|100%| O|  |TAMS 0x00000000e0200000, 0x00000000e0200000| Untracked 
|   3|0x00000000e0300000, 0x00000000e0400000, 0x00000000e0400000|100%| O|  |TAMS 0x00000000e0300000, 0x00000000e0300000| Untracked 
|   4|0x00000000e0400000, 0x00000000e0500000, 0x00000000e0500000|100%| O|  |TAMS 0x00000000e0400000, 0x00000000e0400000| Untracked 
|   5|0x00000000e0500000, 0x00000000e0600000, 0x00000000e0600000|100%| O|  |TAMS 0x00000000e0500000, 0x00000000e0500000| Untracked 
|   6|0x00000000e0600000, 0x00000000e0700000, 0x00000000e0700000|100%| O|  |TAMS 0x00000000e0600000, 0x00000000e0600000| Untracked 
|   7|0x00000000e0700000, 0x00000000e0800000, 0x00000000e0800000|100%| O|  |TAMS 0x00000000e0700000, 0x00000000e0700000| Untracked 
|   8|0x00000000e0800000, 0x00000000e0900000, 0x00000000e0900000|100%| O|  |TAMS 0x00000000e0800000, 0x00000000e0800000| Untracked 
|   9|0x00000000e0900000, 0x00000000e0a00000, 0x00000000e0a00000|100%| O|  |TAMS 0x00000000e0900000, 0x00000000e0900000| Untracked 
|  10|0x00000000e0a00000, 0x00000000e0b00000, 0x00000000e0b00000|100%| O|  |TAMS 0x00000000e0a00000, 0x00000000e0a00000| Untracked 
|  11|0x00000000e0b00000, 0x00000000e0b73800, 0x00000000e0c00000| 45%| O|  |TAMS 0x00000000e0b00000, 0x00000000e0b00000| Untracked 
|  12|0x00000000e0c00000, 0x00000000e0c00000, 0x00000000e0d00000|  0%| F|  |TAMS 0x00000000e0c00000, 0x00000000e0c00000| Untracked 
|  13|0x00000000e0d00000, 0x00000000e0d00000, 0x00000000e0e00000|  0%| F|  |TAMS 0x00000000e0d00000, 0x00000000e0d00000| Untracked 
|  14|0x00000000e0e00000, 0x00000000e0e00000, 0x00000000e0f00000|  0%| F|  |TAMS 0x00000000e0e00000, 0x00000000e0e00000| Untracked 
|  15|0x00000000e0f00000, 0x00000000e0f00000, 0x00000000e1000000|  0%| F|  |TAMS 0x00000000e0f00000, 0x00000000e0f00000| Untracked 
|  16|0x00000000e1000000, 0x00000000e1000000, 0x00000000e1100000|  0%| F|  |TAMS 0x00000000e1000000, 0x00000000e1000000| Untracked 
|  17|0x00000000e1100000, 0x00000000e1100000, 0x00000000e1200000|  0%| F|  |TAMS 0x00000000e1100000, 0x00000000e1100000| Untracked 
|  18|0x00000000e1200000, 0x00000000e1200000, 0x00000000e1300000|  0%| F|  |TAMS 0x00000000e1200000, 0x00000000e1200000| Untracked 
|  19|0x00000000e1300000, 0x00000000e1300000, 0x00000000e1400000|  0%| F|  |TAMS 0x00000000e1300000, 0x00000000e1300000| Untracked 
|  20|0x00000000e1400000, 0x00000000e1400000, 0x00000000e1500000|  0%| F|  |TAMS 0x00000000e1400000, 0x00000000e1400000| Untracked 
|  21|0x00000000e1500000, 0x00000000e1500000, 0x00000000e1600000|  0%| F|  |TAMS 0x00000000e1500000, 0x00000000e1500000| Untracked 
|  22|0x00000000e1600000, 0x00000000e1600000, 0x00000000e1700000|  0%| F|  |TAMS 0x00000000e1600000, 0x00000000e1600000| Untracked 
|  23|0x00000000e1700000, 0x00000000e1700000, 0x00000000e1800000|  0%| F|  |TAMS 0x00000000e1700000, 0x00000000e1700000| Untracked 
|  24|0x00000000e1800000, 0x00000000e1800000, 0x00000000e1900000|  0%| F|  |TAMS 0x00000000e1800000, 0x00000000e1800000| Untracked 
|  25|0x00000000e1900000, 0x00000000e1900000, 0x00000000e1a00000|  0%| F|  |TAMS 0x00000000e1900000, 0x00000000e1900000| Untracked 
|  26|0x00000000e1a00000, 0x00000000e1a00000, 0x00000000e1b00000|  0%| F|  |TAMS 0x00000000e1a00000, 0x00000000e1a00000| Untracked 
|  27|0x00000000e1b00000, 0x00000000e1b00000, 0x00000000e1c00000|  0%| F|  |TAMS 0x00000000e1b00000, 0x00000000e1b00000| Untracked 
|  28|0x00000000e1c00000, 0x00000000e1c00000, 0x00000000e1d00000|  0%| F|  |TAMS 0x00000000e1c00000, 0x00000000e1c00000| Untracked 
|  29|0x00000000e1d00000, 0x00000000e1d00000, 0x00000000e1e00000|  0%| F|  |TAMS 0x00000000e1d00000, 0x00000000e1d00000| Untracked 
|  30|0x00000000e1e00000, 0x00000000e1e00000, 0x00000000e1f00000|  0%| F|  |TAMS 0x00000000e1e00000, 0x00000000e1e00000| Untracked 
|  31|0x00000000e1f00000, 0x00000000e1f00000, 0x00000000e2000000|  0%| F|  |TAMS 0x00000000e1f00000, 0x00000000e1f00000| Untracked 
|  32|0x00000000e2000000, 0x00000000e2000000, 0x00000000e2100000|  0%| F|  |TAMS 0x00000000e2000000, 0x00000000e2000000| Untracked 
|  33|0x00000000e2100000, 0x00000000e2100000, 0x00000000e2200000|  0%| F|  |TAMS 0x00000000e2100000, 0x00000000e2100000| Untracked 
|  34|0x00000000e2200000, 0x00000000e2200000, 0x00000000e2300000|  0%| F|  |TAMS 0x00000000e2200000, 0x00000000e2200000| Untracked 
|  35|0x00000000e2300000, 0x00000000e2300000, 0x00000000e2400000|  0%| F|  |TAMS 0x00000000e2300000, 0x00000000e2300000| Untracked 
|  36|0x00000000e2400000, 0x00000000e2400000, 0x00000000e2500000|  0%| F|  |TAMS 0x00000000e2400000, 0x00000000e2400000| Untracked 
|  37|0x00000000e2500000, 0x00000000e2500000, 0x00000000e2600000|  0%| F|  |TAMS 0x00000000e2500000, 0x00000000e2500000| Untracked 
|  38|0x00000000e2600000, 0x00000000e2600000, 0x00000000e2700000|  0%| F|  |TAMS 0x00000000e2600000, 0x00000000e2600000| Untracked 
|  39|0x00000000e2700000, 0x00000000e2700000, 0x00000000e2800000|  0%| F|  |TAMS 0x00000000e2700000, 0x00000000e2700000| Untracked 
|  40|0x00000000e2800000, 0x00000000e2800000, 0x00000000e2900000|  0%| F|  |TAMS 0x00000000e2800000, 0x00000000e2800000| Untracked 
|  41|0x00000000e2900000, 0x00000000e2900000, 0x00000000e2a00000|  0%| F|  |TAMS 0x00000000e2900000, 0x00000000e2900000| Untracked 
|  42|0x00000000e2a00000, 0x00000000e2a00000, 0x00000000e2b00000|  0%| F|  |TAMS 0x00000000e2a00000, 0x00000000e2a00000| Untracked 
|  43|0x00000000e2b00000, 0x00000000e2b00000, 0x00000000e2c00000|  0%| F|  |TAMS 0x00000000e2b00000, 0x00000000e2b00000| Untracked 
|  44|0x00000000e2c00000, 0x00000000e2c00000, 0x00000000e2d00000|  0%| F|  |TAMS 0x00000000e2c00000, 0x00000000e2c00000| Untracked 
|  45|0x00000000e2d00000, 0x00000000e2d00000, 0x00000000e2e00000|  0%| F|  |TAMS 0x00000000e2d00000, 0x00000000e2d00000| Untracked 
|  46|0x00000000e2e00000, 0x00000000e2e00000, 0x00000000e2f00000|  0%| F|  |TAMS 0x00000000e2e00000, 0x00000000e2e00000| Untracked 
|  47|0x00000000e2f00000, 0x00000000e2f00000, 0x00000000e3000000|  0%| F|  |TAMS 0x00000000e2f00000, 0x00000000e2f00000| Untracked 
|  48|0x00000000e3000000, 0x00000000e3000000, 0x00000000e3100000|  0%| F|  |TAMS 0x00000000e3000000, 0x00000000e3000000| Untracked 
|  49|0x00000000e3100000, 0x00000000e3100000, 0x00000000e3200000|  0%| F|  |TAMS 0x00000000e3100000, 0x00000000e3100000| Untracked 
|  50|0x00000000e3200000, 0x00000000e3200000, 0x00000000e3300000|  0%| F|  |TAMS 0x00000000e3200000, 0x00000000e3200000| Untracked 
|  51|0x00000000e3300000, 0x00000000e3300000, 0x00000000e3400000|  0%| F|  |TAMS 0x00000000e3300000, 0x00000000e3300000| Untracked 
|  52|0x00000000e3400000, 0x00000000e3400000, 0x00000000e3500000|  0%| F|  |TAMS 0x00000000e3400000, 0x00000000e3400000| Untracked 
|  53|0x00000000e3500000, 0x00000000e3500000, 0x00000000e3600000|  0%| F|  |TAMS 0x00000000e3500000, 0x00000000e3500000| Untracked 
|  54|0x00000000e3600000, 0x00000000e3600000, 0x00000000e3700000|  0%| F|  |TAMS 0x00000000e3600000, 0x00000000e3600000| Untracked 
|  55|0x00000000e3700000, 0x00000000e3700000, 0x00000000e3800000|  0%| F|  |TAMS 0x00000000e3700000, 0x00000000e3700000| Untracked 
|  56|0x00000000e3800000, 0x00000000e3800000, 0x00000000e3900000|  0%| F|  |TAMS 0x00000000e3800000, 0x00000000e3800000| Untracked 
|  57|0x00000000e3900000, 0x00000000e3900000, 0x00000000e3a00000|  0%| F|  |TAMS 0x00000000e3900000, 0x00000000e3900000| Untracked 
|  58|0x00000000e3a00000, 0x00000000e3a00000, 0x00000000e3b00000|  0%| F|  |TAMS 0x00000000e3a00000, 0x00000000e3a00000| Untracked 
|  59|0x00000000e3b00000, 0x00000000e3b00000, 0x00000000e3c00000|  0%| F|  |TAMS 0x00000000e3b00000, 0x00000000e3b00000| Untracked 
|  60|0x00000000e3c00000, 0x00000000e3c00000, 0x00000000e3d00000|  0%| F|  |TAMS 0x00000000e3c00000, 0x00000000e3c00000| Untracked 
|  61|0x00000000e3d00000, 0x00000000e3d00000, 0x00000000e3e00000|  0%| F|  |TAMS 0x00000000e3d00000, 0x00000000e3d00000| Untracked 
|  62|0x00000000e3e00000, 0x00000000e3e00000, 0x00000000e3f00000|  0%| F|  |TAMS 0x00000000e3e00000, 0x00000000e3e00000| Untracked 
|  63|0x00000000e3f00000, 0x00000000e3f00000, 0x00000000e4000000|  0%| F|  |TAMS 0x00000000e3f00000, 0x00000000e3f00000| Untracked 
|  64|0x00000000e4000000, 0x00000000e4000000, 0x00000000e4100000|  0%| F|  |TAMS 0x00000000e4000000, 0x00000000e4000000| Untracked 
|  65|0x00000000e4100000, 0x00000000e4100000, 0x00000000e4200000|  0%| F|  |TAMS 0x00000000e4100000, 0x00000000e4100000| Untracked 
|  66|0x00000000e4200000, 0x00000000e4200000, 0x00000000e4300000|  0%| F|  |TAMS 0x00000000e4200000, 0x00000000e4200000| Untracked 
|  67|0x00000000e4300000, 0x00000000e4300000, 0x00000000e4400000|  0%| F|  |TAMS 0x00000000e4300000, 0x00000000e4300000| Untracked 
|  68|0x00000000e4400000, 0x00000000e4400000, 0x00000000e4500000|  0%| F|  |TAMS 0x00000000e4400000, 0x00000000e4400000| Untracked 
|  69|0x00000000e4500000, 0x00000000e4500000, 0x00000000e4600000|  0%| F|  |TAMS 0x00000000e4500000, 0x00000000e4500000| Untracked 
|  70|0x00000000e4600000, 0x00000000e4600000, 0x00000000e4700000|  0%| F|  |TAMS 0x00000000e4600000, 0x00000000e4600000| Untracked 
|  71|0x00000000e4700000, 0x00000000e4700000, 0x00000000e4800000|  0%| F|  |TAMS 0x00000000e4700000, 0x00000000e4700000| Untracked 
|  72|0x00000000e4800000, 0x00000000e4800000, 0x00000000e4900000|  0%| F|  |TAMS 0x00000000e4800000, 0x00000000e4800000| Untracked 
|  73|0x00000000e4900000, 0x00000000e4900000, 0x00000000e4a00000|  0%| F|  |TAMS 0x00000000e4900000, 0x00000000e4900000| Untracked 
|  74|0x00000000e4a00000, 0x00000000e4a00000, 0x00000000e4b00000|  0%| F|  |TAMS 0x00000000e4a00000, 0x00000000e4a00000| Untracked 
|  75|0x00000000e4b00000, 0x00000000e4b00000, 0x00000000e4c00000|  0%| F|  |TAMS 0x00000000e4b00000, 0x00000000e4b00000| Untracked 
|  76|0x00000000e4c00000, 0x00000000e4c00000, 0x00000000e4d00000|  0%| F|  |TAMS 0x00000000e4c00000, 0x00000000e4c00000| Untracked 
|  77|0x00000000e4d00000, 0x00000000e4d00000, 0x00000000e4e00000|  0%| F|  |TAMS 0x00000000e4d00000, 0x00000000e4d00000| Untracked 
|  78|0x00000000e4e00000, 0x00000000e4e00000, 0x00000000e4f00000|  0%| F|  |TAMS 0x00000000e4e00000, 0x00000000e4e00000| Untracked 
|  79|0x00000000e4f00000, 0x00000000e4f00000, 0x00000000e5000000|  0%| F|  |TAMS 0x00000000e4f00000, 0x00000000e4f00000| Untracked 
|  80|0x00000000e5000000, 0x00000000e5000000, 0x00000000e5100000|  0%| F|  |TAMS 0x00000000e5000000, 0x00000000e5000000| Untracked 
|  81|0x00000000e5100000, 0x00000000e5100000, 0x00000000e5200000|  0%| F|  |TAMS 0x00000000e5100000, 0x00000000e5100000| Untracked 
|  82|0x00000000e5200000, 0x00000000e5200000, 0x00000000e5300000|  0%| F|  |TAMS 0x00000000e5200000, 0x00000000e5200000| Untracked 
|  83|0x00000000e5300000, 0x00000000e5300000, 0x00000000e5400000|  0%| F|  |TAMS 0x00000000e5300000, 0x00000000e5300000| Untracked 
|  84|0x00000000e5400000, 0x00000000e5400000, 0x00000000e5500000|  0%| F|  |TAMS 0x00000000e5400000, 0x00000000e5400000| Untracked 
|  85|0x00000000e5500000, 0x00000000e5500000, 0x00000000e5600000|  0%| F|  |TAMS 0x00000000e5500000, 0x00000000e5500000| Untracked 
|  86|0x00000000e5600000, 0x00000000e5600000, 0x00000000e5700000|  0%| F|  |TAMS 0x00000000e5600000, 0x00000000e5600000| Untracked 
|  87|0x00000000e5700000, 0x00000000e5700000, 0x00000000e5800000|  0%| F|  |TAMS 0x00000000e5700000, 0x00000000e5700000| Untracked 
|  88|0x00000000e5800000, 0x00000000e5800000, 0x00000000e5900000|  0%| F|  |TAMS 0x00000000e5800000, 0x00000000e5800000| Untracked 
|  89|0x00000000e5900000, 0x00000000e5900000, 0x00000000e5a00000|  0%| F|  |TAMS 0x00000000e5900000, 0x00000000e5900000| Untracked 
|  90|0x00000000e5a00000, 0x00000000e5a00000, 0x00000000e5b00000|  0%| F|  |TAMS 0x00000000e5a00000, 0x00000000e5a00000| Untracked 
|  91|0x00000000e5b00000, 0x00000000e5b00000, 0x00000000e5c00000|  0%| F|  |TAMS 0x00000000e5b00000, 0x00000000e5b00000| Untracked 
|  92|0x00000000e5c00000, 0x00000000e5c00000, 0x00000000e5d00000|  0%| F|  |TAMS 0x00000000e5c00000, 0x00000000e5c00000| Untracked 
|  93|0x00000000e5d00000, 0x00000000e5d00000, 0x00000000e5e00000|  0%| F|  |TAMS 0x00000000e5d00000, 0x00000000e5d00000| Untracked 
|  94|0x00000000e5e00000, 0x00000000e5e00000, 0x00000000e5f00000|  0%| F|  |TAMS 0x00000000e5e00000, 0x00000000e5e00000| Untracked 
|  95|0x00000000e5f00000, 0x00000000e5f00000, 0x00000000e6000000|  0%| F|  |TAMS 0x00000000e5f00000, 0x00000000e5f00000| Untracked 
|  96|0x00000000e6000000, 0x00000000e6000000, 0x00000000e6100000|  0%| F|  |TAMS 0x00000000e6000000, 0x00000000e6000000| Untracked 
|  97|0x00000000e6100000, 0x00000000e6100000, 0x00000000e6200000|  0%| F|  |TAMS 0x00000000e6100000, 0x00000000e6100000| Untracked 
|  98|0x00000000e6200000, 0x00000000e6200000, 0x00000000e6300000|  0%| F|  |TAMS 0x00000000e6200000, 0x00000000e6200000| Untracked 
|  99|0x00000000e6300000, 0x00000000e6300000, 0x00000000e6400000|  0%| F|  |TAMS 0x00000000e6300000, 0x00000000e6300000| Untracked 
| 100|0x00000000e6400000, 0x00000000e6400000, 0x00000000e6500000|  0%| F|  |TAMS 0x00000000e6400000, 0x00000000e6400000| Untracked 
| 101|0x00000000e6500000, 0x00000000e6500000, 0x00000000e6600000|  0%| F|  |TAMS 0x00000000e6500000, 0x00000000e6500000| Untracked 
| 102|0x00000000e6600000, 0x00000000e6600000, 0x00000000e6700000|  0%| F|  |TAMS 0x00000000e6600000, 0x00000000e6600000| Untracked 
| 103|0x00000000e6700000, 0x00000000e6700000, 0x00000000e6800000|  0%| F|  |TAMS 0x00000000e6700000, 0x00000000e6700000| Untracked 
| 104|0x00000000e6800000, 0x00000000e6800000, 0x00000000e6900000|  0%| F|  |TAMS 0x00000000e6800000, 0x00000000e6800000| Untracked 
| 105|0x00000000e6900000, 0x00000000e6900000, 0x00000000e6a00000|  0%| F|  |TAMS 0x00000000e6900000, 0x00000000e6900000| Untracked 
| 106|0x00000000e6a00000, 0x00000000e6a00000, 0x00000000e6b00000|  0%| F|  |TAMS 0x00000000e6a00000, 0x00000000e6a00000| Untracked 
| 107|0x00000000e6b00000, 0x00000000e6b00000, 0x00000000e6c00000|  0%| F|  |TAMS 0x00000000e6b00000, 0x00000000e6b00000| Untracked 
| 108|0x00000000e6c00000, 0x00000000e6c00000, 0x00000000e6d00000|  0%| F|  |TAMS 0x00000000e6c00000, 0x00000000e6c00000| Untracked 
| 109|0x00000000e6d00000, 0x00000000e6d00000, 0x00000000e6e00000|  0%| F|  |TAMS 0x00000000e6d00000, 0x00000000e6d00000| Untracked 
| 110|0x00000000e6e00000, 0x00000000e6e00000, 0x00000000e6f00000|  0%| F|  |TAMS 0x00000000e6e00000, 0x00000000e6e00000| Untracked 
| 111|0x00000000e6f00000, 0x00000000e6f00000, 0x00000000e7000000|  0%| F|  |TAMS 0x00000000e6f00000, 0x00000000e6f00000| Untracked 
| 112|0x00000000e7000000, 0x00000000e7000000, 0x00000000e7100000|  0%| F|  |TAMS 0x00000000e7000000, 0x00000000e7000000| Untracked 
| 113|0x00000000e7100000, 0x00000000e7100000, 0x00000000e7200000|  0%| F|  |TAMS 0x00000000e7100000, 0x00000000e7100000| Untracked 
| 114|0x00000000e7200000, 0x00000000e7200000, 0x00000000e7300000|  0%| F|  |TAMS 0x00000000e7200000, 0x00000000e7200000| Untracked 
| 115|0x00000000e7300000, 0x00000000e7300000, 0x00000000e7400000|  0%| F|  |TAMS 0x00000000e7300000, 0x00000000e7300000| Untracked 
| 116|0x00000000e7400000, 0x00000000e7400000, 0x00000000e7500000|  0%| F|  |TAMS 0x00000000e7400000, 0x00000000e7400000| Untracked 
| 117|0x00000000e7500000, 0x00000000e7500000, 0x00000000e7600000|  0%| F|  |TAMS 0x00000000e7500000, 0x00000000e7500000| Untracked 
| 118|0x00000000e7600000, 0x00000000e7600000, 0x00000000e7700000|  0%| F|  |TAMS 0x00000000e7600000, 0x00000000e7600000| Untracked 
| 119|0x00000000e7700000, 0x00000000e7700000, 0x00000000e7800000|  0%| F|  |TAMS 0x00000000e7700000, 0x00000000e7700000| Untracked 
| 120|0x00000000e7800000, 0x00000000e7800000, 0x00000000e7900000|  0%| F|  |TAMS 0x00000000e7800000, 0x00000000e7800000| Untracked 
| 121|0x00000000e7900000, 0x00000000e7900000, 0x00000000e7a00000|  0%| F|  |TAMS 0x00000000e7900000, 0x00000000e7900000| Untracked 
| 122|0x00000000e7a00000, 0x00000000e7a00000, 0x00000000e7b00000|  0%| F|  |TAMS 0x00000000e7a00000, 0x00000000e7a00000| Untracked 
| 123|0x00000000e7b00000, 0x00000000e7b00000, 0x00000000e7c00000|  0%| F|  |TAMS 0x00000000e7b00000, 0x00000000e7b00000| Untracked 
| 124|0x00000000e7c00000, 0x00000000e7c00000, 0x00000000e7d00000|  0%| F|  |TAMS 0x00000000e7c00000, 0x00000000e7c00000| Untracked 
| 125|0x00000000e7d00000, 0x00000000e7d00000, 0x00000000e7e00000|  0%| F|  |TAMS 0x00000000e7d00000, 0x00000000e7d00000| Untracked 
| 126|0x00000000e7e00000, 0x00000000e7e00000, 0x00000000e7f00000|  0%| F|  |TAMS 0x00000000e7e00000, 0x00000000e7e00000| Untracked 
| 127|0x00000000e7f00000, 0x00000000e7f00000, 0x00000000e8000000|  0%| F|  |TAMS 0x00000000e7f00000, 0x00000000e7f00000| Untracked 
| 128|0x00000000e8000000, 0x00000000e8000000, 0x00000000e8100000|  0%| F|  |TAMS 0x00000000e8000000, 0x00000000e8000000| Untracked 
| 129|0x00000000e8100000, 0x00000000e8100000, 0x00000000e8200000|  0%| F|  |TAMS 0x00000000e8100000, 0x00000000e8100000| Untracked 
| 130|0x00000000e8200000, 0x00000000e8200000, 0x00000000e8300000|  0%| F|  |TAMS 0x00000000e8200000, 0x00000000e8200000| Untracked 
| 131|0x00000000e8300000, 0x00000000e8300000, 0x00000000e8400000|  0%| F|  |TAMS 0x00000000e8300000, 0x00000000e8300000| Untracked 
| 132|0x00000000e8400000, 0x00000000e8400000, 0x00000000e8500000|  0%| F|  |TAMS 0x00000000e8400000, 0x00000000e8400000| Untracked 
| 133|0x00000000e8500000, 0x00000000e8500000, 0x00000000e8600000|  0%| F|  |TAMS 0x00000000e8500000, 0x00000000e8500000| Untracked 
| 134|0x00000000e8600000, 0x00000000e8600000, 0x00000000e8700000|  0%| F|  |TAMS 0x00000000e8600000, 0x00000000e8600000| Untracked 
| 135|0x00000000e8700000, 0x00000000e8700000, 0x00000000e8800000|  0%| F|  |TAMS 0x00000000e8700000, 0x00000000e8700000| Untracked 
| 136|0x00000000e8800000, 0x00000000e8800000, 0x00000000e8900000|  0%| F|  |TAMS 0x00000000e8800000, 0x00000000e8800000| Untracked 
| 137|0x00000000e8900000, 0x00000000e8900000, 0x00000000e8a00000|  0%| F|  |TAMS 0x00000000e8900000, 0x00000000e8900000| Untracked 
| 138|0x00000000e8a00000, 0x00000000e8a00000, 0x00000000e8b00000|  0%| F|  |TAMS 0x00000000e8a00000, 0x00000000e8a00000| Untracked 
| 139|0x00000000e8b00000, 0x00000000e8b00000, 0x00000000e8c00000|  0%| F|  |TAMS 0x00000000e8b00000, 0x00000000e8b00000| Untracked 
| 140|0x00000000e8c00000, 0x00000000e8c00000, 0x00000000e8d00000|  0%| F|  |TAMS 0x00000000e8c00000, 0x00000000e8c00000| Untracked 
| 141|0x00000000e8d00000, 0x00000000e8d00000, 0x00000000e8e00000|  0%| F|  |TAMS 0x00000000e8d00000, 0x00000000e8d00000| Untracked 
| 142|0x00000000e8e00000, 0x00000000e8e00000, 0x00000000e8f00000|  0%| F|  |TAMS 0x00000000e8e00000, 0x00000000e8e00000| Untracked 
| 143|0x00000000e8f00000, 0x00000000e8f00000, 0x00000000e9000000|  0%| F|  |TAMS 0x00000000e8f00000, 0x00000000e8f00000| Untracked 
| 144|0x00000000e9000000, 0x00000000e9000000, 0x00000000e9100000|  0%| F|  |TAMS 0x00000000e9000000, 0x00000000e9000000| Untracked 
| 145|0x00000000e9100000, 0x00000000e9100000, 0x00000000e9200000|  0%| F|  |TAMS 0x00000000e9100000, 0x00000000e9100000| Untracked 
| 146|0x00000000e9200000, 0x00000000e9200000, 0x00000000e9300000|  0%| F|  |TAMS 0x00000000e9200000, 0x00000000e9200000| Untracked 
| 147|0x00000000e9300000, 0x00000000e9300000, 0x00000000e9400000|  0%| F|  |TAMS 0x00000000e9300000, 0x00000000e9300000| Untracked 
| 148|0x00000000e9400000, 0x00000000e9400000, 0x00000000e9500000|  0%| F|  |TAMS 0x00000000e9400000, 0x00000000e9400000| Untracked 
| 149|0x00000000e9500000, 0x00000000e9500000, 0x00000000e9600000|  0%| F|  |TAMS 0x00000000e9500000, 0x00000000e9500000| Untracked 
| 150|0x00000000e9600000, 0x00000000e9600000, 0x00000000e9700000|  0%| F|  |TAMS 0x00000000e9600000, 0x00000000e9600000| Untracked 
| 151|0x00000000e9700000, 0x00000000e9700000, 0x00000000e9800000|  0%| F|  |TAMS 0x00000000e9700000, 0x00000000e9700000| Untracked 
| 152|0x00000000e9800000, 0x00000000e9800000, 0x00000000e9900000|  0%| F|  |TAMS 0x00000000e9800000, 0x00000000e9800000| Untracked 
| 153|0x00000000e9900000, 0x00000000e9900000, 0x00000000e9a00000|  0%| F|  |TAMS 0x00000000e9900000, 0x00000000e9900000| Untracked 
| 154|0x00000000e9a00000, 0x00000000e9a00000, 0x00000000e9b00000|  0%| F|  |TAMS 0x00000000e9a00000, 0x00000000e9a00000| Untracked 
| 155|0x00000000e9b00000, 0x00000000e9b00000, 0x00000000e9c00000|  0%| F|  |TAMS 0x00000000e9b00000, 0x00000000e9b00000| Untracked 
| 156|0x00000000e9c00000, 0x00000000e9c00000, 0x00000000e9d00000|  0%| F|  |TAMS 0x00000000e9c00000, 0x00000000e9c00000| Untracked 
| 157|0x00000000e9d00000, 0x00000000e9d00000, 0x00000000e9e00000|  0%| F|  |TAMS 0x00000000e9d00000, 0x00000000e9d00000| Untracked 
| 158|0x00000000e9e00000, 0x00000000e9e00000, 0x00000000e9f00000|  0%| F|  |TAMS 0x00000000e9e00000, 0x00000000e9e00000| Untracked 
| 159|0x00000000e9f00000, 0x00000000e9f00000, 0x00000000ea000000|  0%| F|  |TAMS 0x00000000e9f00000, 0x00000000e9f00000| Untracked 
| 160|0x00000000ea000000, 0x00000000ea000000, 0x00000000ea100000|  0%| F|  |TAMS 0x00000000ea000000, 0x00000000ea000000| Untracked 
| 161|0x00000000ea100000, 0x00000000ea100000, 0x00000000ea200000|  0%| F|  |TAMS 0x00000000ea100000, 0x00000000ea100000| Untracked 
| 162|0x00000000ea200000, 0x00000000ea200000, 0x00000000ea300000|  0%| F|  |TAMS 0x00000000ea200000, 0x00000000ea200000| Untracked 
| 163|0x00000000ea300000, 0x00000000ea300000, 0x00000000ea400000|  0%| F|  |TAMS 0x00000000ea300000, 0x00000000ea300000| Untracked 
| 164|0x00000000ea400000, 0x00000000ea400000, 0x00000000ea500000|  0%| F|  |TAMS 0x00000000ea400000, 0x00000000ea400000| Untracked 
| 165|0x00000000ea500000, 0x00000000ea500000, 0x00000000ea600000|  0%| F|  |TAMS 0x00000000ea500000, 0x00000000ea500000| Untracked 
| 166|0x00000000ea600000, 0x00000000ea600000, 0x00000000ea700000|  0%| F|  |TAMS 0x00000000ea600000, 0x00000000ea600000| Untracked 
| 167|0x00000000ea700000, 0x00000000ea700000, 0x00000000ea800000|  0%| F|  |TAMS 0x00000000ea700000, 0x00000000ea700000| Untracked 
| 168|0x00000000ea800000, 0x00000000ea800000, 0x00000000ea900000|  0%| F|  |TAMS 0x00000000ea800000, 0x00000000ea800000| Untracked 
| 169|0x00000000ea900000, 0x00000000ea900000, 0x00000000eaa00000|  0%| F|  |TAMS 0x00000000ea900000, 0x00000000ea900000| Untracked 
| 170|0x00000000eaa00000, 0x00000000eaa00000, 0x00000000eab00000|  0%| F|  |TAMS 0x00000000eaa00000, 0x00000000eaa00000| Untracked 
| 171|0x00000000eab00000, 0x00000000eab00000, 0x00000000eac00000|  0%| F|  |TAMS 0x00000000eab00000, 0x00000000eab00000| Untracked 
| 172|0x00000000eac00000, 0x00000000eac00000, 0x00000000ead00000|  0%| F|  |TAMS 0x00000000eac00000, 0x00000000eac00000| Untracked 
| 173|0x00000000ead00000, 0x00000000ead00000, 0x00000000eae00000|  0%| F|  |TAMS 0x00000000ead00000, 0x00000000ead00000| Untracked 
| 174|0x00000000eae00000, 0x00000000eae00000, 0x00000000eaf00000|  0%| F|  |TAMS 0x00000000eae00000, 0x00000000eae00000| Untracked 
| 175|0x00000000eaf00000, 0x00000000eaf00000, 0x00000000eb000000|  0%| F|  |TAMS 0x00000000eaf00000, 0x00000000eaf00000| Untracked 
| 176|0x00000000eb000000, 0x00000000eb000000, 0x00000000eb100000|  0%| F|  |TAMS 0x00000000eb000000, 0x00000000eb000000| Untracked 
| 177|0x00000000eb100000, 0x00000000eb100000, 0x00000000eb200000|  0%| F|  |TAMS 0x00000000eb100000, 0x00000000eb100000| Untracked 
| 178|0x00000000eb200000, 0x00000000eb200000, 0x00000000eb300000|  0%| F|  |TAMS 0x00000000eb200000, 0x00000000eb200000| Untracked 
| 179|0x00000000eb300000, 0x00000000eb300000, 0x00000000eb400000|  0%| F|  |TAMS 0x00000000eb300000, 0x00000000eb300000| Untracked 
| 180|0x00000000eb400000, 0x00000000eb400000, 0x00000000eb500000|  0%| F|  |TAMS 0x00000000eb400000, 0x00000000eb400000| Untracked 
| 181|0x00000000eb500000, 0x00000000eb500000, 0x00000000eb600000|  0%| F|  |TAMS 0x00000000eb500000, 0x00000000eb500000| Untracked 
| 182|0x00000000eb600000, 0x00000000eb600000, 0x00000000eb700000|  0%| F|  |TAMS 0x00000000eb600000, 0x00000000eb600000| Untracked 
| 183|0x00000000eb700000, 0x00000000eb700000, 0x00000000eb800000|  0%| F|  |TAMS 0x00000000eb700000, 0x00000000eb700000| Untracked 
| 184|0x00000000eb800000, 0x00000000eb800000, 0x00000000eb900000|  0%| F|  |TAMS 0x00000000eb800000, 0x00000000eb800000| Untracked 
| 185|0x00000000eb900000, 0x00000000eb900000, 0x00000000eba00000|  0%| F|  |TAMS 0x00000000eb900000, 0x00000000eb900000| Untracked 
| 186|0x00000000eba00000, 0x00000000eba00000, 0x00000000ebb00000|  0%| F|  |TAMS 0x00000000eba00000, 0x00000000eba00000| Untracked 
| 187|0x00000000ebb00000, 0x00000000ebb00000, 0x00000000ebc00000|  0%| F|  |TAMS 0x00000000ebb00000, 0x00000000ebb00000| Untracked 
| 188|0x00000000ebc00000, 0x00000000ebc00000, 0x00000000ebd00000|  0%| F|  |TAMS 0x00000000ebc00000, 0x00000000ebc00000| Untracked 
| 189|0x00000000ebd00000, 0x00000000ebd00000, 0x00000000ebe00000|  0%| F|  |TAMS 0x00000000ebd00000, 0x00000000ebd00000| Untracked 
| 190|0x00000000ebe00000, 0x00000000ebe00000, 0x00000000ebf00000|  0%| F|  |TAMS 0x00000000ebe00000, 0x00000000ebe00000| Untracked 
| 191|0x00000000ebf00000, 0x00000000ebf00000, 0x00000000ec000000|  0%| F|  |TAMS 0x00000000ebf00000, 0x00000000ebf00000| Untracked 
| 192|0x00000000ec000000, 0x00000000ec000000, 0x00000000ec100000|  0%| F|  |TAMS 0x00000000ec000000, 0x00000000ec000000| Untracked 
| 193|0x00000000ec100000, 0x00000000ec100000, 0x00000000ec200000|  0%| F|  |TAMS 0x00000000ec100000, 0x00000000ec100000| Untracked 
| 194|0x00000000ec200000, 0x00000000ec200000, 0x00000000ec300000|  0%| F|  |TAMS 0x00000000ec200000, 0x00000000ec200000| Untracked 
| 195|0x00000000ec300000, 0x00000000ec300000, 0x00000000ec400000|  0%| F|  |TAMS 0x00000000ec300000, 0x00000000ec300000| Untracked 
| 196|0x00000000ec400000, 0x00000000ec400000, 0x00000000ec500000|  0%| F|  |TAMS 0x00000000ec400000, 0x00000000ec400000| Untracked 
| 197|0x00000000ec500000, 0x00000000ec500000, 0x00000000ec600000|  0%| F|  |TAMS 0x00000000ec500000, 0x00000000ec500000| Untracked 
| 198|0x00000000ec600000, 0x00000000ec600000, 0x00000000ec700000|  0%| F|  |TAMS 0x00000000ec600000, 0x00000000ec600000| Untracked 
| 199|0x00000000ec700000, 0x00000000ec700000, 0x00000000ec800000|  0%| F|  |TAMS 0x00000000ec700000, 0x00000000ec700000| Untracked 
| 200|0x00000000ec800000, 0x00000000ec800000, 0x00000000ec900000|  0%| F|  |TAMS 0x00000000ec800000, 0x00000000ec800000| Untracked 
| 201|0x00000000ec900000, 0x00000000ec900000, 0x00000000eca00000|  0%| F|  |TAMS 0x00000000ec900000, 0x00000000ec900000| Untracked 
| 202|0x00000000eca00000, 0x00000000eca00000, 0x00000000ecb00000|  0%| F|  |TAMS 0x00000000eca00000, 0x00000000eca00000| Untracked 
| 203|0x00000000ecb00000, 0x00000000ecb00000, 0x00000000ecc00000|  0%| F|  |TAMS 0x00000000ecb00000, 0x00000000ecb00000| Untracked 
| 204|0x00000000ecc00000, 0x00000000ecc00000, 0x00000000ecd00000|  0%| F|  |TAMS 0x00000000ecc00000, 0x00000000ecc00000| Untracked 
| 205|0x00000000ecd00000, 0x00000000ecd00000, 0x00000000ece00000|  0%| F|  |TAMS 0x00000000ecd00000, 0x00000000ecd00000| Untracked 
| 206|0x00000000ece00000, 0x00000000ece00000, 0x00000000ecf00000|  0%| F|  |TAMS 0x00000000ece00000, 0x00000000ece00000| Untracked 
| 207|0x00000000ecf00000, 0x00000000ecf00000, 0x00000000ed000000|  0%| F|  |TAMS 0x00000000ecf00000, 0x00000000ecf00000| Untracked 
| 208|0x00000000ed000000, 0x00000000ed000000, 0x00000000ed100000|  0%| F|  |TAMS 0x00000000ed000000, 0x00000000ed000000| Untracked 
| 209|0x00000000ed100000, 0x00000000ed100000, 0x00000000ed200000|  0%| F|  |TAMS 0x00000000ed100000, 0x00000000ed100000| Untracked 
| 210|0x00000000ed200000, 0x00000000ed200000, 0x00000000ed300000|  0%| F|  |TAMS 0x00000000ed200000, 0x00000000ed200000| Untracked 
| 211|0x00000000ed300000, 0x00000000ed300000, 0x00000000ed400000|  0%| F|  |TAMS 0x00000000ed300000, 0x00000000ed300000| Untracked 
| 212|0x00000000ed400000, 0x00000000ed400000, 0x00000000ed500000|  0%| F|  |TAMS 0x00000000ed400000, 0x00000000ed400000| Untracked 
| 213|0x00000000ed500000, 0x00000000ed500000, 0x00000000ed600000|  0%| F|  |TAMS 0x00000000ed500000, 0x00000000ed500000| Untracked 
| 214|0x00000000ed600000, 0x00000000ed600000, 0x00000000ed700000|  0%| F|  |TAMS 0x00000000ed600000, 0x00000000ed600000| Untracked 
| 215|0x00000000ed700000, 0x00000000ed700000, 0x00000000ed800000|  0%| F|  |TAMS 0x00000000ed700000, 0x00000000ed700000| Untracked 
| 216|0x00000000ed800000, 0x00000000ed800000, 0x00000000ed900000|  0%| F|  |TAMS 0x00000000ed800000, 0x00000000ed800000| Untracked 
| 217|0x00000000ed900000, 0x00000000ed900000, 0x00000000eda00000|  0%| F|  |TAMS 0x00000000ed900000, 0x00000000ed900000| Untracked 
| 218|0x00000000eda00000, 0x00000000eda00000, 0x00000000edb00000|  0%| F|  |TAMS 0x00000000eda00000, 0x00000000eda00000| Untracked 
| 219|0x00000000edb00000, 0x00000000edb00000, 0x00000000edc00000|  0%| F|  |TAMS 0x00000000edb00000, 0x00000000edb00000| Untracked 
| 220|0x00000000edc00000, 0x00000000edc00000, 0x00000000edd00000|  0%| F|  |TAMS 0x00000000edc00000, 0x00000000edc00000| Untracked 
| 221|0x00000000edd00000, 0x00000000ede00000, 0x00000000ede00000|100%| E|CS|TAMS 0x00000000edd00000, 0x00000000edd00000| Complete 
| 222|0x00000000ede00000, 0x00000000edf00000, 0x00000000edf00000|100%| E|CS|TAMS 0x00000000ede00000, 0x00000000ede00000| Complete 
| 223|0x00000000edf00000, 0x00000000ee000000, 0x00000000ee000000|100%| E|CS|TAMS 0x00000000edf00000, 0x00000000edf00000| Complete 
| 224|0x00000000ee000000, 0x00000000ee100000, 0x00000000ee100000|100%| E|CS|TAMS 0x00000000ee000000, 0x00000000ee000000| Complete 
| 225|0x00000000ee100000, 0x00000000ee200000, 0x00000000ee200000|100%| E|CS|TAMS 0x00000000ee100000, 0x00000000ee100000| Complete 
| 226|0x00000000ee200000, 0x00000000ee300000, 0x00000000ee300000|100%| E|CS|TAMS 0x00000000ee200000, 0x00000000ee200000| Complete 
| 227|0x00000000ee300000, 0x00000000ee400000, 0x00000000ee400000|100%| E|CS|TAMS 0x00000000ee300000, 0x00000000ee300000| Complete 
| 228|0x00000000ee400000, 0x00000000ee500000, 0x00000000ee500000|100%| E|CS|TAMS 0x00000000ee400000, 0x00000000ee400000| Complete 
| 229|0x00000000ee500000, 0x00000000ee600000, 0x00000000ee600000|100%| E|CS|TAMS 0x00000000ee500000, 0x00000000ee500000| Complete 
| 230|0x00000000ee600000, 0x00000000ee700000, 0x00000000ee700000|100%| E|CS|TAMS 0x00000000ee600000, 0x00000000ee600000| Complete 
| 231|0x00000000ee700000, 0x00000000ee732c58, 0x00000000ee800000| 19%| S|CS|TAMS 0x00000000ee700000, 0x00000000ee700000| Complete 
| 232|0x00000000ee800000, 0x00000000ee900000, 0x00000000ee900000|100%| S|CS|TAMS 0x00000000ee800000, 0x00000000ee800000| Complete 
| 233|0x00000000ee900000, 0x00000000eea00000, 0x00000000eea00000|100%| E|CS|TAMS 0x00000000ee900000, 0x00000000ee900000| Complete 
| 234|0x00000000eea00000, 0x00000000eeb00000, 0x00000000eeb00000|100%| E|CS|TAMS 0x00000000eea00000, 0x00000000eea00000| Complete 
| 235|0x00000000eeb00000, 0x00000000eec00000, 0x00000000eec00000|100%| E|CS|TAMS 0x00000000eeb00000, 0x00000000eeb00000| Complete 
| 236|0x00000000eec00000, 0x00000000eed00000, 0x00000000eed00000|100%| E|CS|TAMS 0x00000000eec00000, 0x00000000eec00000| Complete 
| 237|0x00000000eed00000, 0x00000000eee00000, 0x00000000eee00000|100%| E|CS|TAMS 0x00000000eed00000, 0x00000000eed00000| Complete 
| 238|0x00000000eee00000, 0x00000000eef00000, 0x00000000eef00000|100%| E|CS|TAMS 0x00000000eee00000, 0x00000000eee00000| Complete 
| 239|0x00000000eef00000, 0x00000000ef000000, 0x00000000ef000000|100%| E|CS|TAMS 0x00000000eef00000, 0x00000000eef00000| Complete 
| 240|0x00000000ef000000, 0x00000000ef100000, 0x00000000ef100000|100%| E|CS|TAMS 0x00000000ef000000, 0x00000000ef000000| Complete 
| 241|0x00000000ef100000, 0x00000000ef200000, 0x00000000ef200000|100%| E|CS|TAMS 0x00000000ef100000, 0x00000000ef100000| Complete 
| 242|0x00000000ef200000, 0x00000000ef300000, 0x00000000ef300000|100%| E|CS|TAMS 0x00000000ef200000, 0x00000000ef200000| Complete 
| 243|0x00000000ef300000, 0x00000000ef400000, 0x00000000ef400000|100%| E|CS|TAMS 0x00000000ef300000, 0x00000000ef300000| Complete 
| 244|0x00000000ef400000, 0x00000000ef500000, 0x00000000ef500000|100%| E|CS|TAMS 0x00000000ef400000, 0x00000000ef400000| Complete 
| 245|0x00000000ef500000, 0x00000000ef600000, 0x00000000ef600000|100%| E|CS|TAMS 0x00000000ef500000, 0x00000000ef500000| Complete 
| 246|0x00000000ef600000, 0x00000000ef700000, 0x00000000ef700000|100%| E|CS|TAMS 0x00000000ef600000, 0x00000000ef600000| Complete 
| 247|0x00000000ef700000, 0x00000000ef800000, 0x00000000ef800000|100%| E|CS|TAMS 0x00000000ef700000, 0x00000000ef700000| Complete 
| 248|0x00000000ef800000, 0x00000000ef900000, 0x00000000ef900000|100%| E|CS|TAMS 0x00000000ef800000, 0x00000000ef800000| Complete 
| 249|0x00000000ef900000, 0x00000000efa00000, 0x00000000efa00000|100%| E|CS|TAMS 0x00000000ef900000, 0x00000000ef900000| Complete 
| 250|0x00000000efa00000, 0x00000000efb00000, 0x00000000efb00000|100%| E|CS|TAMS 0x00000000efa00000, 0x00000000efa00000| Complete 
| 251|0x00000000efb00000, 0x00000000efc00000, 0x00000000efc00000|100%| E|CS|TAMS 0x00000000efb00000, 0x00000000efb00000| Complete 

Card table byte_map: [0x000001ba765e0000,0x000001ba766e0000] _byte_map_base: 0x000001ba75ee0000

Marking Bits (Prev, Next): (CMBitMap*) 0x000001ba5f6d8590, (CMBitMap*) 0x000001ba5f6d85d0
 Prev Bits: [0x000001ba767e0000, 0x000001ba76fe0000)
 Next Bits: [0x000001ba76fe0000, 0x000001ba777e0000)

Polling page: 0x000001ba5d4d0000

Metaspace:

Usage:
  Non-class:     12.95 MB used.
      Class:      2.06 MB used.
       Both:     15.00 MB used.

Virtual space:
  Non-class space:       64.00 MB reserved,      13.06 MB ( 20%) committed,  1 nodes.
      Class space:        1.00 GB reserved,       2.19 MB ( <1%) committed,  1 nodes.
             Both:        1.06 GB reserved,      15.25 MB (  1%) committed. 

Chunk freelists:
   Non-Class:  2.77 MB
       Class:  13.64 MB
        Both:  16.41 MB

MaxMetaspaceSize: unlimited
CompressedClassSpaceSize: 1.00 GB
Initial GC threshold: 21.00 MB
Current GC threshold: 21.00 MB
CDS: on
MetaspaceReclaimPolicy: balanced
 - commit_granule_bytes: 65536.
 - commit_granule_words: 8192.
 - virtual_space_node_default_size: 8388608.
 - enlarge_chunks_in_place: 1.
 - new_chunks_are_fully_committed: 0.
 - uncommit_free_chunks: 1.
 - use_allocation_guard: 0.
 - handle_deallocations: 1.


Internal statistics:

num_allocs_failed_limit: 0.
num_arena_births: 222.
num_arena_deaths: 0.
num_vsnodes_births: 2.
num_vsnodes_deaths: 0.
num_space_committed: 244.
num_space_uncommitted: 0.
num_chunks_returned_to_freelist: 0.
num_chunks_taken_from_freelist: 736.
num_chunk_merges: 0.
num_chunk_splits: 454.
num_chunks_enlarged: 329.
num_inconsistent_stats: 0.

CodeHeap 'non-profiled nmethods': size=120000Kb used=977Kb max_used=977Kb free=119023Kb
 bounds [0x000001ba6ec80000, 0x000001ba6eef0000, 0x000001ba761b0000]
CodeHeap 'profiled nmethods': size=120000Kb used=4645Kb max_used=4645Kb free=115354Kb
 bounds [0x000001ba671b0000, 0x000001ba67640000, 0x000001ba6e6e0000]
CodeHeap 'non-nmethods': size=5760Kb used=1193Kb max_used=1225Kb free=4566Kb
 bounds [0x000001ba6e6e0000, 0x000001ba6e950000, 0x000001ba6ec80000]
 total_blobs=2763 nmethods=2288 adapters=387
 compilation: enabled
              stopped_count=0, restarted_count=0
 full_count=0

Compilation events (20 events):
Event: 1.268 Thread 0x000001ba7a2472b0 2265       3       ch.qos.logback.classic.Logger::callTurboFilters (14 bytes)
Event: 1.268 Thread 0x000001ba7a2472b0 nmethod 2265 0x000001ba6762cf90 code [0x000001ba6762d140, 0x000001ba6762d2a8]
Event: 1.268 Thread 0x000001ba7a2472b0 2266       3       org.springframework.core.env.MapPropertySource::getProperty (14 bytes)
Event: 1.268 Thread 0x000001ba7a2472b0 nmethod 2266 0x000001ba6762d390 code [0x000001ba6762d540, 0x000001ba6762d828]
Event: 1.268 Thread 0x000001ba7a2472b0 2263       3       org.springframework.boot.context.properties.source.DefaultPropertyMapper::map (53 bytes)
Event: 1.268 Thread 0x000001ba7a2472b0 nmethod 2263 0x000001ba6762d910 code [0x000001ba6762db40, 0x000001ba6762e518]
Event: 1.268 Thread 0x000001ba7a2472b0 2260       3       org.springframework.boot.context.properties.source.SpringIterableConfigurationPropertySource$Mappings::getMapped (17 bytes)
Event: 1.268 Thread 0x000001ba7a2472b0 nmethod 2260 0x000001ba6762e890 code [0x000001ba6762ea40, 0x000001ba6762ed88]
Event: 1.269 Thread 0x000001ba7f144150 nmethod 2267 0x000001ba6ed6be10 code [0x000001ba6ed6bfa0, 0x000001ba6ed6c0f8]
Event: 1.269 Thread 0x000001ba7f144150 2268       4       java.lang.StringLatin1::toUpperCase (186 bytes)
Event: 1.272 Thread 0x000001ba7a2472b0 2270       3       ch.qos.logback.core.subst.Tokenizer::handleLiteralState (121 bytes)
Event: 1.272 Thread 0x000001ba7a2472b0 nmethod 2270 0x000001ba6762ee90 code [0x000001ba6762f140, 0x000001ba6762fac8]
Event: 1.273 Thread 0x000001ba7a2472b0 2273       3       java.lang.ProcessEnvironment$NameComparator::compare (90 bytes)
Event: 1.274 Thread 0x000001ba7a2472b0 nmethod 2273 0x000001ba6762fe10 code [0x000001ba67630120, 0x000001ba67631358]
Event: 1.274 Thread 0x000001ba7a2472b0 2272       3       java.lang.ProcessEnvironment$NameComparator::compare (13 bytes)
Event: 1.274 Thread 0x000001ba7a2472b0 nmethod 2272 0x000001ba67631c10 code [0x000001ba67631dc0, 0x000001ba676320e8]
Event: 1.275 Thread 0x000001ba7a2472b0 2274       3       ch.qos.logback.core.subst.Parser::peekAtCurentToken (35 bytes)
Event: 1.275 Thread 0x000001ba7a2472b0 nmethod 2274 0x000001ba67632210 code [0x000001ba676323e0, 0x000001ba676327f8]
Event: 1.277 Thread 0x000001ba7f144150 nmethod 2268 0x000001ba6ed6c210 code [0x000001ba6ed6c3c0, 0x000001ba6ed6cd38]
Event: 1.277 Thread 0x000001ba7f144150 2271       4       java.util.ArrayList::get (15 bytes)

GC Heap History (4 events):
Event: 0.515 GC heap before
{Heap before GC invocations=0 (full 0):
 garbage-first heap   total 258048K, used 23552K [0x00000000e0000000, 0x0000000100000000)
  region size 1024K, 23 young (23552K), 0 survivors (0K)
 Metaspace       used 5430K, committed 5696K, reserved 1114112K
  class space    used 686K, committed 832K, reserved 1048576K
}
Event: 0.520 GC heap after
{Heap after GC invocations=1 (full 0):
 garbage-first heap   total 258048K, used 11525K [0x00000000e0000000, 0x0000000100000000)
  region size 1024K, 3 young (3072K), 3 survivors (3072K)
 Metaspace       used 5430K, committed 5696K, reserved 1114112K
  class space    used 686K, committed 832K, reserved 1048576K
}
Event: 0.834 GC heap before
{Heap before GC invocations=1 (full 0):
 garbage-first heap   total 258048K, used 30981K [0x00000000e0000000, 0x0000000100000000)
  region size 1024K, 22 young (22528K), 3 survivors (3072K)
 Metaspace       used 9748K, committed 9920K, reserved 1114112K
  class space    used 1296K, committed 1408K, reserved 1048576K
}
Event: 0.837 GC heap after
{Heap after GC invocations=2 (full 0):
 garbage-first heap   total 258048K, used 12953K [0x00000000e0000000, 0x0000000100000000)
  region size 1024K, 2 young (2048K), 2 survivors (2048K)
 Metaspace       used 9748K, committed 9920K, reserved 1114112K
  class space    used 1296K, committed 1408K, reserved 1048576K
}

Dll operation events (10 events):
Event: 0.005 Loaded shared library C:\Users\junhee\.jdks\corretto-17.0.7\bin\java.dll
Event: 0.014 Loaded shared library C:\Users\junhee\.jdks\corretto-17.0.7\bin\jsvml.dll
Event: 0.102 Loaded shared library C:\Users\junhee\.jdks\corretto-17.0.7\bin\net.dll
Event: 0.103 Loaded shared library C:\Users\junhee\.jdks\corretto-17.0.7\bin\nio.dll
Event: 0.105 Loaded shared library C:\Users\junhee\.jdks\corretto-17.0.7\bin\zip.dll
Event: 0.141 Loaded shared library C:\Users\junhee\.jdks\corretto-17.0.7\bin\verify.dll
Event: 0.145 Loaded shared library C:\Users\junhee\.jdks\corretto-17.0.7\bin\jimage.dll
Event: 0.437 Loaded shared library C:\Users\junhee\.jdks\corretto-17.0.7\bin\sunmscapi.dll
Event: 1.243 Loaded shared library C:\Users\junhee\.jdks\corretto-17.0.7\bin\management.dll
Event: 1.244 Loaded shared library C:\Users\junhee\.jdks\corretto-17.0.7\bin\management_ext.dll

Deoptimization events (20 events):
Event: 1.165 Thread 0x000001ba5f6aa440 Uncommon trap: trap_request=0xffffffde fr.pc=0x000001ba6ed58eb4 relative=0x0000000000000114
Event: 1.165 Thread 0x000001ba5f6aa440 Uncommon trap: reason=class_check action=maybe_recompile pc=0x000001ba6ed58eb4 method=jdk.internal.misc.Unsafe.allocateUninitializedArray(Ljava/lang/Class;I)Ljava/lang/Object; @ 51 c2
Event: 1.165 Thread 0x000001ba5f6aa440 DEOPT PACKING pc=0x000001ba6ed58eb4 sp=0x0000009f0b2f9120
Event: 1.165 Thread 0x000001ba5f6aa440 DEOPT UNPACKING pc=0x000001ba6e73a1a3 sp=0x0000009f0b2f90a8 mode 2
Event: 1.186 Thread 0x000001ba5f6aa440 Uncommon trap: trap_request=0xffffff45 fr.pc=0x000001ba6ed4e820 relative=0x00000000000037a0
Event: 1.186 Thread 0x000001ba5f6aa440 Uncommon trap: reason=unstable_if action=reinterpret pc=0x000001ba6ed4e820 method=java.net.URLStreamHandler.parseURL(Ljava/net/URL;Ljava/lang/String;II)V @ 725 c2
Event: 1.186 Thread 0x000001ba5f6aa440 DEOPT PACKING pc=0x000001ba6ed4e820 sp=0x0000009f0b2fac50
Event: 1.186 Thread 0x000001ba5f6aa440 DEOPT UNPACKING pc=0x000001ba6e73a1a3 sp=0x0000009f0b2fabf8 mode 2
Event: 1.188 Thread 0x000001ba5f6aa440 Uncommon trap: trap_request=0xffffff45 fr.pc=0x000001ba6ed2a1f0 relative=0x00000000000002d0
Event: 1.188 Thread 0x000001ba5f6aa440 Uncommon trap: reason=unstable_if action=reinterpret pc=0x000001ba6ed2a1f0 method=java.lang.String.indexOf([BBILjava/lang/String;I)I @ 21 c2
Event: 1.188 Thread 0x000001ba5f6aa440 DEOPT PACKING pc=0x000001ba6ed2a1f0 sp=0x0000009f0b2fac50
Event: 1.188 Thread 0x000001ba5f6aa440 DEOPT UNPACKING pc=0x000001ba6e73a1a3 sp=0x0000009f0b2fab60 mode 2
Event: 1.250 Thread 0x000001ba5f6aa440 Uncommon trap: trap_request=0xffffff45 fr.pc=0x000001ba6ecc71d4 relative=0x0000000000000eb4
Event: 1.250 Thread 0x000001ba5f6aa440 Uncommon trap: reason=unstable_if action=reinterpret pc=0x000001ba6ecc71d4 method=java.util.concurrent.ConcurrentHashMap.putVal(Ljava/lang/Object;Ljava/lang/Object;Z)Ljava/lang/Object; @ 148 c2
Event: 1.250 Thread 0x000001ba5f6aa440 DEOPT PACKING pc=0x000001ba6ecc71d4 sp=0x0000009f0b2fb120
Event: 1.250 Thread 0x000001ba5f6aa440 DEOPT UNPACKING pc=0x000001ba6e73a1a3 sp=0x0000009f0b2fb0a0 mode 2
Event: 1.254 Thread 0x000001ba5f6aa440 Uncommon trap: trap_request=0xffffff45 fr.pc=0x000001ba6ed42ec8 relative=0x00000000000050a8
Event: 1.254 Thread 0x000001ba5f6aa440 Uncommon trap: reason=unstable_if action=reinterpret pc=0x000001ba6ed42ec8 method=jdk.internal.org.objectweb.asm.Type.getArgumentsAndReturnSizes(Ljava/lang/String;)I @ 117 c2
Event: 1.254 Thread 0x000001ba5f6aa440 DEOPT PACKING pc=0x000001ba6ed42ec8 sp=0x0000009f0b2f9850
Event: 1.254 Thread 0x000001ba5f6aa440 DEOPT UNPACKING pc=0x000001ba6e73a1a3 sp=0x0000009f0b2f96f8 mode 2

Classes unloaded (0 events):
No events

Classes redefined (0 events):
No events

Internal exceptions (20 events):
Event: 0.847 Thread 0x000001ba5f6aa440 Implicit null exception at 0x000001ba6ecf818f to 0x000001ba6ecf8209
Event: 0.988 Thread 0x000001ba5f6aa440 Exception <a 'java/lang/NoSuchMethodError'{0x00000000ef264e50}: 'void java.lang.invoke.DirectMethodHandle$Holder.invokeVirtual(java.lang.Object, java.lang.Object, java.lang.Object, java.lang.Object)'> (0x00000000ef264e50) 
thrown [s\src\hotspot\share\interpreter\linkResolver.cpp, line 759]
Event: 1.086 Thread 0x000001ba5f6aa440 Exception <a 'java/lang/NoSuchMethodError'{0x00000000eecfc5d8}: 'java.lang.Object java.lang.invoke.DirectMethodHandle$Holder.newInvokeSpecial(java.lang.Object, java.lang.Object, java.lang.Object, java.lang.Object, java.lang.Object, java.lang.Object, java.lang.Object)'> (0x00000000eecfc5d8) 
thrown [s\src\hotspot\share\interpreter\linkResolver.cpp, line 759]
Event: 1.086 Thread 0x000001ba5f6aa440 Exception <a 'java/lang/NoSuchMethodError'{0x00000000eeb01508}: 'java.lang.Object java.lang.invoke.Invokers$Holder.linkToTargetMethod(java.lang.Object, java.lang.Object, java.lang.Object, java.lang.Object, java.lang.Object, java.lang.Object, java.lang.Object)'> (0x00000000eeb01508) 
thrown [s\src\hotspot\share\interpreter\linkResolver.cpp, line 759]
Event: 1.086 Thread 0x000001ba5f6aa440 Exception <a 'java/lang/NoSuchMethodError'{0x00000000eeb07cf8}: 'java.lang.Object java.lang.invoke.DirectMethodHandle$Holder.invokeInterface(java.lang.Object, java.lang.Object, java.lang.Object, java.lang.Object, java.lang.Object)'> (0x00000000eeb07cf8) 
thrown [s\src\hotspot\share\interpreter\linkResolver.cpp, line 759]
Event: 1.086 Thread 0x000001ba5f6aa440 Exception <a 'java/lang/IncompatibleClassChangeError'{0x00000000eeb0baf0}: Found class java.lang.Object, but interface was expected> (0x00000000eeb0baf0) 
thrown [s\src\hotspot\share\interpreter\linkResolver.cpp, line 826]
Event: 1.128 Thread 0x000001ba5f6aa440 Exception <a 'java/lang/IncompatibleClassChangeError'{0x00000000ee6792b8}: Found class java.lang.Object, but interface was expected> (0x00000000ee6792b8) 
thrown [s\src\hotspot\share\interpreter\linkResolver.cpp, line 826]
Event: 1.133 Thread 0x000001ba5f6aa440 Exception <a 'sun/nio/fs/WindowsException'{0x00000000ee6d7d10}> (0x00000000ee6d7d10) 
thrown [s\src\hotspot\share\prims\jni.cpp, line 516]
Event: 1.139 Thread 0x000001ba5f6aa440 Exception <a 'java/lang/NoSuchMethodError'{0x00000000ee51bf70}: 'void java.lang.invoke.DirectMethodHandle$Holder.invokeStaticInit(java.lang.Object, java.lang.Object, java.lang.Object, java.lang.Object)'> (0x00000000ee51bf70) 
thrown [s\src\hotspot\share\interpreter\linkResolver.cpp, line 759]
Event: 1.140 Thread 0x000001ba5f6aa440 Exception <a 'java/lang/IncompatibleClassChangeError'{0x00000000ee530b48}: Found class java.lang.Object, but interface was expected> (0x00000000ee530b48) 
thrown [s\src\hotspot\share\interpreter\linkResolver.cpp, line 826]
Event: 1.162 Thread 0x000001ba5f6aa440 Exception <a 'java/lang/NoSuchMethodError'{0x00000000ee322120}: 'void java.lang.invoke.DirectMethodHandle$Holder.invokeStatic(java.lang.Object, java.lang.Object, java.lang.Object, java.lang.Object, java.lang.Object, java.lang.Object)'> (0x00000000ee322120) 
thrown [s\src\hotspot\share\interpreter\linkResolver.cpp, line 759]
Event: 1.169 Thread 0x000001ba5f6aa440 Exception <a 'java/lang/NoSuchMethodError'{0x00000000ee39ce00}: 'java.lang.Object java.lang.invoke.DirectMethodHandle$Holder.invokeSpecial(java.lang.Object, java.lang.Object, java.lang.Object, java.lang.Object, java.lang.Object, java.lang.Object, int)'> (0x00000000ee39ce00) 
thrown [s\src\hotspot\share\interpreter\linkResolver.cpp, line 759]
Event: 1.169 Thread 0x000001ba5f6aa440 Exception <a 'java/lang/NoSuchMethodError'{0x00000000ee3a7b58}: 'java.lang.Object java.lang.invoke.DirectMethodHandle$Holder.newInvokeSpecial(java.lang.Object, java.lang.Object, java.lang.Object, java.lang.Object, java.lang.Object, java.lang.Object, int)'> (0x00000000ee3a7b58) 
thrown [s\src\hotspot\share\interpreter\linkResolver.cpp, line 759]
Event: 1.169 Thread 0x000001ba5f6aa440 Exception <a 'java/lang/NoSuchMethodError'{0x00000000ee3ad390}: 'java.lang.Object java.lang.invoke.DirectMethodHandle$Holder.invokeSpecial(java.lang.Object, java.lang.Object, java.lang.Object, java.lang.Object, java.lang.Object, java.lang.Object, java.lang.Object, int)'> (0x00000000ee3ad390) 
thrown [s\src\hotspot\share\interpreter\linkResolver.cpp, line 759]
Event: 1.186 Thread 0x000001ba5f6aa440 Implicit null exception at 0x000001ba6ed4b26b to 0x000001ba6ed4e7cc
Event: 1.213 Thread 0x000001ba5f6aa440 Exception <a 'java/lang/NoSuchMethodError'{0x00000000ee1f8d58}: 'java.lang.Object java.lang.invoke.DirectMethodHandle$Holder.invokeSpecial(java.lang.Object, java.lang.Object, java.lang.Object, int, java.lang.Object)'> (0x00000000ee1f8d58) 
thrown [s\src\hotspot\share\interpreter\linkResolver.cpp, line 759]
Event: 1.213 Thread 0x000001ba5f6aa440 Exception <a 'java/lang/NoSuchMethodError'{0x00000000ee001dd8}: 'java.lang.Object java.lang.invoke.DirectMethodHandle$Holder.newInvokeSpecial(java.lang.Object, java.lang.Object, java.lang.Object, int, java.lang.Object)'> (0x00000000ee001dd8) 
thrown [s\src\hotspot\share\interpreter\linkResolver.cpp, line 759]
Event: 1.214 Thread 0x000001ba5f6aa440 Exception <a 'java/lang/NoSuchMethodError'{0x00000000ee009fa0}: 'java.lang.Object java.lang.invoke.Invokers$Holder.linkToTargetMethod(java.lang.Object, java.lang.Object, int, java.lang.Object, java.lang.Object)'> (0x00000000ee009fa0) 
thrown [s\src\hotspot\share\interpreter\linkResolver.cpp, line 759]
Event: 1.215 Thread 0x000001ba5f6aa440 Exception <a 'java/lang/NoSuchMethodError'{0x00000000ee01aa60}: 'java.lang.Object java.lang.invoke.DirectMethodHandle$Holder.newInvokeSpecial(java.lang.Object, int, java.lang.Object)'> (0x00000000ee01aa60) 
thrown [s\src\hotspot\share\interpreter\linkResolver.cpp, line 759]
Event: 1.239 Thread 0x000001ba5f6aa440 Exception <a 'java/lang/NoSuchMethodError'{0x00000000edf73050}: 'void java.lang.invoke.DirectMethodHandle$Holder.invokeStaticInit(java.lang.Object, java.lang.Object)'> (0x00000000edf73050) 
thrown [s\src\hotspot\share\interpreter\linkResolver.cpp, line 759]

VM Operations (20 events):
Event: 0.318 Executing VM operation: HandshakeAllThreads
Event: 0.318 Executing VM operation: HandshakeAllThreads done
Event: 0.422 Executing VM operation: HandshakeAllThreads
Event: 0.422 Executing VM operation: HandshakeAllThreads done
Event: 0.515 Executing VM operation: G1CollectForAllocation
Event: 0.520 Executing VM operation: G1CollectForAllocation done
Event: 0.525 Executing VM operation: HandshakeAllThreads
Event: 0.525 Executing VM operation: HandshakeAllThreads done
Event: 0.556 Executing VM operation: HandshakeAllThreads
Event: 0.556 Executing VM operation: HandshakeAllThreads done
Event: 0.825 Executing VM operation: HandshakeAllThreads
Event: 0.826 Executing VM operation: HandshakeAllThreads done
Event: 0.834 Executing VM operation: G1CollectForAllocation
Event: 0.837 Executing VM operation: G1CollectForAllocation done
Event: 1.088 Executing VM operation: HandshakeAllThreads
Event: 1.088 Executing VM operation: HandshakeAllThreads done
Event: 1.198 Executing VM operation: HandshakeAllThreads
Event: 1.198 Executing VM operation: HandshakeAllThreads done
Event: 1.229 Executing VM operation: ICBufferFull
Event: 1.229 Executing VM operation: ICBufferFull done

Events (20 events):
Event: 1.247 loading class sun/management/RuntimeImpl
Event: 1.247 loading class sun/management/RuntimeImpl done
Event: 1.249 loading class java/net/InetAddress$NameServiceAddresses
Event: 1.249 loading class java/net/InetAddress$Addresses
Event: 1.250 loading class java/net/InetAddress$Addresses done
Event: 1.250 loading class java/net/InetAddress$NameServiceAddresses done
Event: 1.252 loading class sun/net/InetAddressCachePolicy
Event: 1.252 loading class sun/net/InetAddressCachePolicy done
Event: 1.252 loading class sun/net/InetAddressCachePolicy$1
Event: 1.252 loading class sun/net/InetAddressCachePolicy$1 done
Event: 1.252 loading class sun/net/InetAddressCachePolicy$2
Event: 1.252 loading class sun/net/InetAddressCachePolicy$2 done
Event: 1.252 loading class java/net/InetAddress$CachedAddresses
Event: 1.253 loading class java/net/InetAddress$CachedAddresses done
Event: 1.253 loading class java/net/InetAddress$CachedLocalHost
Event: 1.253 loading class java/net/InetAddress$CachedLocalHost done
Event: 1.273 loading class java/util/Stack
Event: 1.273 loading class java/util/Stack done
Event: 1.273 loading class java/util/Vector$Itr
Event: 1.273 loading class java/util/Vector$Itr done


Dynamic libraries:
0x00007ff6fd0f0000 - 0x00007ff6fd0fd000 	C:\Users\junhee\.jdks\corretto-17.0.7\bin\java.exe
0x00007ff9bbf30000 - 0x00007ff9bc128000 	C:\WINDOWS\SYSTEM32\ntdll.dll
0x00007ff9bb3c0000 - 0x00007ff9bb47f000 	C:\WINDOWS\System32\KERNEL32.DLL
0x00007ff9b9a30000 - 0x00007ff9b9d26000 	C:\WINDOWS\System32\KERNELBASE.dll
0x00007ff9b9e90000 - 0x00007ff9b9f90000 	C:\WINDOWS\System32\ucrtbase.dll
0x00007ff9b1440000 - 0x00007ff9b1457000 	C:\Users\junhee\.jdks\corretto-17.0.7\bin\jli.dll
0x00007ff9b0a00000 - 0x00007ff9b0a15000 	C:\Users\junhee\.jdks\corretto-17.0.7\bin\VCRUNTIME140.dll
0x00007ff9bb140000 - 0x00007ff9bb2dd000 	C:\WINDOWS\System32\USER32.dll
0x00007ff9b98b0000 - 0x00007ff9b98d2000 	C:\WINDOWS\System32\win32u.dll
0x00007ff9a6b80000 - 0x00007ff9a6e1a000 	C:\WINDOWS\WinSxS\amd64_microsoft.windows.common-controls_6595b64144ccf1df_6.0.19041.1110_none_60b5254171f9507e\COMCTL32.dll
0x00007ff9ba120000 - 0x00007ff9ba14c000 	C:\WINDOWS\System32\GDI32.dll
0x00007ff9bbe50000 - 0x00007ff9bbeee000 	C:\WINDOWS\System32\msvcrt.dll
0x00007ff9b98e0000 - 0x00007ff9b99f5000 	C:\WINDOWS\System32\gdi32full.dll
0x00007ff9b9810000 - 0x00007ff9b98ad000 	C:\WINDOWS\System32\msvcp_win.dll
0x00007ff9bbd60000 - 0x00007ff9bbd90000 	C:\WINDOWS\System32\IMM32.DLL
0x00007ff988620000 - 0x00007ff9886bb000 	C:\Users\junhee\.jdks\corretto-17.0.7\bin\msvcp140.dll
0x00007ff963450000 - 0x00007ff96406a000 	C:\Users\junhee\.jdks\corretto-17.0.7\bin\server\jvm.dll
0x00007ff9b9fc0000 - 0x00007ff9ba06f000 	C:\WINDOWS\System32\ADVAPI32.dll
0x00007ff9ba150000 - 0x00007ff9ba1ec000 	C:\WINDOWS\System32\sechost.dll
0x00007ff9ba450000 - 0x00007ff9ba576000 	C:\WINDOWS\System32\RPCRT4.dll
0x00007ff9a6970000 - 0x00007ff9a6979000 	C:\WINDOWS\SYSTEM32\WSOCK32.dll
0x00007ff9b72e0000 - 0x00007ff9b7307000 	C:\WINDOWS\SYSTEM32\WINMM.dll
0x00007ff9bb5e0000 - 0x00007ff9bb64b000 	C:\WINDOWS\System32\WS2_32.dll
0x00007ff9aa830000 - 0x00007ff9aa83a000 	C:\WINDOWS\SYSTEM32\VERSION.dll
0x00007ff9b7e10000 - 0x00007ff9b7e22000 	C:\WINDOWS\SYSTEM32\kernel.appcore.dll
0x00007ff9b09f0000 - 0x00007ff9b09fa000 	C:\Users\junhee\.jdks\corretto-17.0.7\bin\jimage.dll
0x00007ff9b70b0000 - 0x00007ff9b7294000 	C:\WINDOWS\SYSTEM32\DBGHELP.DLL
0x00007ff9b7070000 - 0x00007ff9b70a4000 	C:\WINDOWS\SYSTEM32\dbgcore.DLL
0x00007ff9b9610000 - 0x00007ff9b9692000 	C:\WINDOWS\System32\bcryptPrimitives.dll
0x00007ff9885f0000 - 0x00007ff988615000 	C:\Users\junhee\.jdks\corretto-17.0.7\bin\java.dll
0x00007ff975150000 - 0x00007ff975226000 	C:\Users\junhee\.jdks\corretto-17.0.7\bin\jsvml.dll
0x00007ff9ba580000 - 0x00007ff9bacc4000 	C:\WINDOWS\System32\SHELL32.dll
0x00007ff9b7660000 - 0x00007ff9b7df4000 	C:\WINDOWS\SYSTEM32\windows.storage.dll
0x00007ff9bba00000 - 0x00007ff9bbd54000 	C:\WINDOWS\System32\combase.dll
0x00007ff9b8f70000 - 0x00007ff9b8f9e000 	C:\WINDOWS\SYSTEM32\Wldp.dll
0x00007ff9ba3a0000 - 0x00007ff9ba44d000 	C:\WINDOWS\System32\SHCORE.dll
0x00007ff9bb510000 - 0x00007ff9bb565000 	C:\WINDOWS\System32\shlwapi.dll
0x00007ff9b9540000 - 0x00007ff9b9565000 	C:\WINDOWS\SYSTEM32\profapi.dll
0x00007ff992850000 - 0x00007ff992869000 	C:\Users\junhee\.jdks\corretto-17.0.7\bin\net.dll
0x00007ff9b3ee0000 - 0x00007ff9b3fea000 	C:\WINDOWS\SYSTEM32\WINHTTP.dll
0x00007ff9b8ce0000 - 0x00007ff9b8d4a000 	C:\WINDOWS\system32\mswsock.dll
0x00007ff9927f0000 - 0x00007ff992805000 	C:\Users\junhee\.jdks\corretto-17.0.7\bin\nio.dll
0x00007ff9974c0000 - 0x00007ff9974d8000 	C:\Users\junhee\.jdks\corretto-17.0.7\bin\zip.dll
0x00007ff9b0180000 - 0x00007ff9b0190000 	C:\Users\junhee\.jdks\corretto-17.0.7\bin\verify.dll
0x00007ff9a7280000 - 0x00007ff9a728e000 	C:\Users\junhee\.jdks\corretto-17.0.7\bin\sunmscapi.dll
0x00007ff9b9d30000 - 0x00007ff9b9e8e000 	C:\WINDOWS\System32\CRYPT32.dll
0x00007ff9b90c0000 - 0x00007ff9b90e8000 	C:\WINDOWS\SYSTEM32\ncrypt.dll
0x00007ff9b9080000 - 0x00007ff9b90bb000 	C:\WINDOWS\SYSTEM32\NTASN1.dll
0x00007ff99e690000 - 0x00007ff99e697000 	C:\WINDOWS\system32\wshunix.dll
0x00007ff9b8fb0000 - 0x00007ff9b8fc8000 	C:\WINDOWS\SYSTEM32\CRYPTSP.dll
0x00007ff9b8620000 - 0x00007ff9b8654000 	C:\WINDOWS\system32\rsaenh.dll
0x00007ff9b9a00000 - 0x00007ff9b9a27000 	C:\WINDOWS\System32\bcrypt.dll
0x00007ff9b94c0000 - 0x00007ff9b94ee000 	C:\WINDOWS\SYSTEM32\USERENV.dll
0x00007ff9b8ee0000 - 0x00007ff9b8eec000 	C:\WINDOWS\SYSTEM32\CRYPTBASE.dll
0x00007ff9b89f0000 - 0x00007ff9b8a2c000 	C:\WINDOWS\SYSTEM32\IPHLPAPI.DLL
0x00007ff9bb570000 - 0x00007ff9bb578000 	C:\WINDOWS\System32\NSI.dll
0x00007ff9b2160000 - 0x00007ff9b2177000 	C:\WINDOWS\SYSTEM32\dhcpcsvc6.DLL
0x00007ff9b2120000 - 0x00007ff9b213d000 	C:\WINDOWS\SYSTEM32\dhcpcsvc.DLL
0x00007ff9b8a80000 - 0x00007ff9b8b4a000 	C:\WINDOWS\SYSTEM32\DNSAPI.dll
0x00007ff9aaea0000 - 0x00007ff9aaea9000 	C:\Users\junhee\.jdks\corretto-17.0.7\bin\management.dll
0x00007ff9aa910000 - 0x00007ff9aa91b000 	C:\Users\junhee\.jdks\corretto-17.0.7\bin\management_ext.dll
0x00007ff9bb920000 - 0x00007ff9bb928000 	C:\WINDOWS\System32\PSAPI.DLL
0x00007ff99c3b0000 - 0x00007ff99c3c7000 	C:\WINDOWS\system32\napinsp.dll
0x00007ff99ae80000 - 0x00007ff99ae9b000 	C:\WINDOWS\system32\pnrpnsp.dll
0x00007ff9b4110000 - 0x00007ff9b4125000 	C:\WINDOWS\system32\wshbth.dll
0x00007ff9b3ff0000 - 0x00007ff9b400d000 	C:\WINDOWS\system32\NLAapi.dll
0x00007ff99ade0000 - 0x00007ff99adf2000 	C:\WINDOWS\System32\winrnr.dll
0x00007ff9b16b0000 - 0x00007ff9b16ba000 	C:\Windows\System32\rasadhlp.dll
0x00007ff9afae0000 - 0x00007ff9afb62000 	C:\WINDOWS\System32\fwpuclnt.dll

dbghelp: loaded successfully - version: 4.0.5 - missing functions: none
symbol engine: initialized successfully - sym options: 0x614 - pdb path: .;C:\Users\junhee\.jdks\corretto-17.0.7\bin;C:\WINDOWS\SYSTEM32;C:\WINDOWS\WinSxS\amd64_microsoft.windows.common-controls_6595b64144ccf1df_6.0.19041.1110_none_60b5254171f9507e;C:\Users\junhee\.jdks\corretto-17.0.7\bin\server

VM Arguments:
jvm_args: -Dorg.gradle.internal.worker.tmpdir=C:\Users\junhee\Desktop\2023_do_not_erase\KEA\Release\Code\BackEnd\build\tmp\test\work -Dorg.gradle.native=false -Xmx512m -Dfile.encoding=x-windows-949 -Duser.country=KR -Duser.language=ko -Duser.variant -ea 
java_command: worker.org.gradle.process.internal.worker.GradleWorkerMain 'Gradle Test Executor 8'
java_class_path (initial): C:\\Users\\junhee\\.gradle\\caches\\8.1.1\\workerMain\\gradle-worker.jar;C:\\Users\\junhee\\Desktop\\2023_do_not_erase\\KEA\\Release\\Code\\BackEnd\\build\\classes\\java\\test;C:\\Users\\junhee\\Desktop\\2023_do_not_erase\\KEA\\Release\\Code\\BackEnd\\build\\classes\\java\\main;C:\\Users\\junhee\\Desktop\\2023_do_not_erase\\KEA\\Release\\Code\\BackEnd\\build\\resources\\main;C:\\Users\\junhee\\.gradle\\caches\\modules-2\\files-2.1\\org.springframework.boot\\spring-boot-starter-data-jdbc\\2.7.13\\f11c7239e89946954b9c4ad3c47ce3a8364ca9f9\\spring-boot-starter-data-jdbc-2.7.13.jar;C:\\Users\\junhee\\.gradle\\caches\\modules-2\\files-2.1\\org.springframework.boot\\spring-boot-starter-data-jpa\\2.7.13\\98aba6063ce411ae5e7ce263ce7c7012427559a6\\spring-boot-starter-data-jpa-2.7.13.jar;C:\\Users\\junhee\\.gradle\\caches\\modules-2\\files-2.1\\org.springframework.boot\\spring-boot-starter-groovy-templates\\2.7.13\\219eb49238f5351a299c05a80a08d873f35ca7c4\\spring-boot-starter-groovy-templates-2.7.13.jar;C:\\Users\\junhee\\.gradle\\caches\\modules-2\\files-2.1\\org.springframework.boot\\spring-boot-starter-hateoas\\2.7.13\\4c2a1720cec9b222a3858460d3dcf218a5a905f0\\spring-boot-starter-hateoas-2.7.13.jar;C:\\Users\\junhee\\.gradle\\caches\\modules-2\\files-2.1\\org.springframework.boot\\spring-boot-starter-jdbc\\2.7.13\\1b5dce56ea6f5657c0aada8d342beedfbdc6a65c\\spring-boot-starter-jdbc-2.7.13.jar;C:\\Users\\junhee\\.gradle\\caches\\modules-2\\files-2.1\\org.springframework.boot\\spring-boot-starter-thymeleaf\\2.7.13\\b36514a2ba8b03510ea3163c7c1611d60a3adaeb\\spring-boot-starter-thymeleaf-2.7.13.jar;C:\\Users\\junhee\\.gradle\\caches\\modules-2\\files-2.1\\org.springframework.boot\\spring-boot-starter-validation\\2.7.13\\7afa516cf9064c4764a5e944886b559b1eb0b136\\spring-boot-starter-validation-2.7.13.jar;C:\\Users\\junhee\\.gradle\\caches\\modules-2\\files-2.1\\org.projectlombok\\lombok\\1.18.20\\18bcea7d5df4d49227b4a0743a536208ce4825bb\\lombok-1.18.20.
Launcher Type: SUN_STANDARD

[Global flags]
     intx CICompilerCount                          = 4                                         {product} {ergonomic}
     uint ConcGCThreads                            = 2                                         {product} {ergonomic}
     uint G1ConcRefinementThreads                  = 8                                         {product} {ergonomic}
   size_t G1HeapRegionSize                         = 1048576                                   {product} {ergonomic}
    uintx GCDrainStackTargetSize                   = 64                                        {product} {ergonomic}
   size_t InitialHeapSize                          = 264241152                                 {product} {ergonomic}
   size_t MarkStackSize                            = 4194304                                   {product} {ergonomic}
   size_t MaxHeapSize                              = 536870912                                 {product} {command line}
   size_t MaxNewSize                               = 321912832                                 {product} {ergonomic}
   size_t MinHeapDeltaBytes                        = 1048576                                   {product} {ergonomic}
   size_t MinHeapSize                              = 8388608                                   {product} {ergonomic}
    uintx NonNMethodCodeHeapSize                   = 5839372                                {pd product} {ergonomic}
    uintx NonProfiledCodeHeapSize                  = 122909434                              {pd product} {ergonomic}
    uintx ProfiledCodeHeapSize                     = 122909434                              {pd product} {ergonomic}
    uintx ReservedCodeCacheSize                    = 251658240                              {pd product} {ergonomic}
     bool SegmentedCodeCache                       = true                                      {product} {ergonomic}
   size_t SoftMaxHeapSize                          = 536870912                              {manageable} {ergonomic}
     bool UseCompressedClassPointers               = true                           {product lp64_product} {ergonomic}
     bool UseCompressedOops                        = true                           {product lp64_product} {ergonomic}
     bool UseG1GC                                  = true                                      {product} {ergonomic}
     bool UseLargePagesIndividualAllocation        = false                                  {pd product} {ergonomic}

Logging:
Log output configuration:
 #0: stdout all=warning uptime,level,tags
 #1: stderr all=off uptime,level,tags

Environment Variables:
JAVA_HOME=C:\Program Files\Java\jdk-17
CLASSPATH=C:\Program Files\Java\jdk-17\lib
PATH=C:\Program Files\Common Files\Oracle\Java\javapath;C:\Program Files (x86)\Common Files\Oracle\Java\javapath;C:\Program Files\Java\jdk-17\bin;C:\app\junhee\product\11.2.0\dbhome_1\bin;C:\Program Files\NVIDIA GPU Computing Toolkit\CUDA\v11.6\bin;C:\Program Files\NVIDIA GPU Computing Toolkit\CUDA\v11.6\libnvvp;C:\Program Files\Java\jdk-17.0.2\bin;C:\Users\junhee\AppData\Local\Microsoft\WindowsApps;C:\Program Files\Android\Android Studio\bin;C:\Program Files\NVIDIA Corporation\Nsight Compute 2022.1.1\;C:\Program Files (x86)\NVIDIA Corporation\PhysX\Common;C:\Program Files\PuTTY\;C:\Program Files\nodejs;C:\Program Files\MySQL\MySQL Server 8.0\bin;C:\Program Files\nodejs\;C:\Program Files\Bandizip\;C:\Program Files\Docker\Docker\resources\bin;C:\Program Files\Git\cmd;C:\minikube;C:\ProgramData\chocolatey\bin;C:\Users\junhee\AppData\Local\pnpm;C:\WINDOWS\system32;C:\Program Files\MySQL\MySQL Shell 8.0\bin\;C:\Program Files\Java\jdk-17\bin;C:\Users\junhee\AppData\Local\Microsoft\WindowsApps;C:\Program Files\Android\Android Studio\bin;C:\Users\junhee\AppData\Local\Programs\Microsoft VS Code\bin;C:\Users\junhee\AppData\Local\atom\bin;C:\Users\junhee\AppData\Roaming\npm;C:\Users\junhee\AppData\Local\Programs\Python\Python39;C:\Users\junhee\AppData\Local\Programs\Python\Python39\Scripts;C:\apache-maven-3.9.0\bin;C:\Users\junhee\AppData\Local\GitHubDesktop\bin;
USERNAME=junhee
OS=Windows_NT
PROCESSOR_IDENTIFIER=Intel64 Family 6 Model 140 Stepping 1, GenuineIntel
TMP=C:\Users\junhee\AppData\Local\Temp
TEMP=C:\Users\junhee\AppData\Local\Temp



---------------  S Y S T E M  ---------------

OS:
 Windows 10 , 64 bit Build 19041 (10.0.19041.3155)
OS uptime: 4 days 3:16 hours
Hyper-V role detected

CPU: total 8 (initial active 8) (4 cores per cpu, 2 threads per core) family 6 model 140 stepping 1 microcode 0x9a, cx8, cmov, fxsr, ht, mmx, 3dnowpref, sse, sse2, sse3, ssse3, sse4.1, sse4.2, popcnt, lzcnt, tsc, tscinvbit, avx, avx2, aes, erms, clmul, bmi1, bmi2, adx, avx512f, avx512dq, avx512cd, avx512bw, avx512vl, sha, fma, vzeroupper, avx512_vpopcntdq, avx512_vpclmulqdq, avx512_vaes, avx512_vnni, clflush, clflushopt, clwb, avx512_vbmi2, avx512_vbmi, hv

Memory: 4k page, system-wide physical 16108M (1848M free)
TotalPageFile size 16108M (AvailPageFile size 6M)
current process WorkingSet (physical memory assigned to process): 134M, peak: 134M
current process commit charge ("private bytes"): 394M, peak: 396M

vm_info: OpenJDK 64-Bit Server VM (17.0.7+7-LTS) for windows-amd64 JRE (17.0.7+7-LTS), built on Apr 14 2023 01:39:21 by "Administrator" with MS VC++ 15.9 (VS2017)

END.
